<?xml version="1.0" encoding="UTF-8"?>
<!-- Generated by org.testng.reporters.JUnitReportReporter -->
<testsuite hostname="vikpc" failures="0" tests="1" name="com.inetBanking.testCases.TestTest2" time="18.421" errors="0" timestamp="2022-10-29T14:56:07 IST" skipped="0">
  <testcase classname="com.inetBanking.testCases.TestTest2" name="Test" time="18.421"/>
  <system-out/>
</testsuite> <!-- com.inetBanking.testCases.TestTest2 -->
