<?xml version="1.0" encoding="UTF-8"?>
<!-- Generated by org.testng.reporters.JUnitReportReporter -->
<testsuite hostname="vikpc" failures="0" tests="1" name="com.inetBanking.testCases.TC_loginTest_001" time="16.083" errors="0" timestamp="2022-11-01T17:37:53 IST" skipped="0">
  <testcase classname="com.inetBanking.testCases.TC_loginTest_001" name="loginTest" time="16.083"/>
  <system-out/>
</testsuite> <!-- com.inetBanking.testCases.TC_loginTest_001 -->
