<?xml version="1.0" encoding="UTF-8"?>
<!-- Generated by org.testng.reporters.JUnitReportReporter -->
<testsuite hostname="vikpc" failures="0" tests="1" name="com.inetBanking.testCases.TC_loginTest_001" time="4.838" errors="0" timestamp="2022-11-01T22:22:07 IST" skipped="0">
  <testcase classname="com.inetBanking.testCases.TC_loginTest_001" name="loginTest" time="4.838"/>
  <system-out/>
</testsuite> <!-- com.inetBanking.testCases.TC_loginTest_001 -->
